<?xml version="1.0" encoding="UTF-8"?>
<testsuite xmlns:xsi="http://www.w3.org/2001/XMLSchema-instance" xsi:noNamespaceSchemaLocation="https://maven.apache.org/surefire/maven-surefire-plugin/xsd/surefire-test-report-3.0.xsd" version="3.0" name="EventCardsTest" time="0.049" tests="8" errors="0" skipped="1" failures="0">
  <properties>
    <property name="java.specification.version" value="17"/>
    <property name="sun.jnu.encoding" value="UTF-8"/>
    <property name="java.class.path" value="/home/tine/Documents/Uni_ohne_git(t)/5. semester/Software engeneering/home exam/vibe code (copy)/target/test-classes:/home/tine/Documents/Uni_ohne_git(t)/5. semester/Software engeneering/home exam/vibe code (copy)/target/classes:/home/tine/.m2/repository/com/google/code/gson/gson/2.10.1/gson-2.10.1.jar:/home/tine/.m2/repository/org/junit/jupiter/junit-jupiter/5.9.3/junit-jupiter-5.9.3.jar:/home/tine/.m2/repository/org/junit/jupiter/junit-jupiter-api/5.9.3/junit-jupiter-api-5.9.3.jar:/home/tine/.m2/repository/org/opentest4j/opentest4j/1.2.0/opentest4j-1.2.0.jar:/home/tine/.m2/repository/org/junit/platform/junit-platform-commons/1.9.3/junit-platform-commons-1.9.3.jar:/home/tine/.m2/repository/org/apiguardian/apiguardian-api/1.1.2/apiguardian-api-1.1.2.jar:/home/tine/.m2/repository/org/junit/jupiter/junit-jupiter-params/5.9.3/junit-jupiter-params-5.9.3.jar:/home/tine/.m2/repository/org/junit/jupiter/junit-jupiter-engine/5.9.3/junit-jupiter-engine-5.9.3.jar:/home/tine/.m2/repository/org/junit/platform/junit-platform-engine/1.9.3/junit-platform-engine-1.9.3.jar:"/>
    <property name="java.vm.vendor" value="Ubuntu"/>
    <property name="sun.arch.data.model" value="64"/>
    <property name="java.vendor.url" value="https://ubuntu.com/"/>
    <property name="os.name" value="Linux"/>
    <property name="java.vm.specification.version" value="17"/>
    <property name="sun.java.launcher" value="SUN_STANDARD"/>
    <property name="user.country" value="US"/>
    <property name="sun.boot.library.path" value="/usr/lib/jvm/java-17-openjdk-amd64/lib"/>
    <property name="sun.java.command" value="/home/tine/Documents/Uni_ohne_git(t)/5. semester/Software engeneering/home exam/vibe code (copy)/target/surefire/surefirebooter-20251003180027773_3.jar /home/tine/Documents/Uni_ohne_git(t)/5. semester/Software engeneering/home exam/vibe code (copy)/target/surefire 2025-10-03T18-00-27_527-jvmRun1 surefire-20251003180027773_1tmp surefire_0-20251003180027773_2tmp"/>
    <property name="jdk.debug" value="release"/>
    <property name="surefire.test.class.path" value="/home/tine/Documents/Uni_ohne_git(t)/5. semester/Software engeneering/home exam/vibe code (copy)/target/test-classes:/home/tine/Documents/Uni_ohne_git(t)/5. semester/Software engeneering/home exam/vibe code (copy)/target/classes:/home/tine/.m2/repository/com/google/code/gson/gson/2.10.1/gson-2.10.1.jar:/home/tine/.m2/repository/org/junit/jupiter/junit-jupiter/5.9.3/junit-jupiter-5.9.3.jar:/home/tine/.m2/repository/org/junit/jupiter/junit-jupiter-api/5.9.3/junit-jupiter-api-5.9.3.jar:/home/tine/.m2/repository/org/opentest4j/opentest4j/1.2.0/opentest4j-1.2.0.jar:/home/tine/.m2/repository/org/junit/platform/junit-platform-commons/1.9.3/junit-platform-commons-1.9.3.jar:/home/tine/.m2/repository/org/apiguardian/apiguardian-api/1.1.2/apiguardian-api-1.1.2.jar:/home/tine/.m2/repository/org/junit/jupiter/junit-jupiter-params/5.9.3/junit-jupiter-params-5.9.3.jar:/home/tine/.m2/repository/org/junit/jupiter/junit-jupiter-engine/5.9.3/junit-jupiter-engine-5.9.3.jar:/home/tine/.m2/repository/org/junit/platform/junit-platform-engine/1.9.3/junit-platform-engine-1.9.3.jar:"/>
    <property name="sun.cpu.endian" value="little"/>
    <property name="user.home" value="/home/tine"/>
    <property name="user.language" value="en"/>
    <property name="java.specification.vendor" value="Oracle Corporation"/>
    <property name="java.version.date" value="2025-07-15"/>
    <property name="java.home" value="/usr/lib/jvm/java-17-openjdk-amd64"/>
    <property name="file.separator" value="/"/>
    <property name="basedir" value="/home/tine/Documents/Uni_ohne_git(t)/5. semester/Software engeneering/home exam/vibe code (copy)"/>
    <property name="java.vm.compressedOopsMode" value="Zero based"/>
    <property name="line.separator" value="&#10;"/>
    <property name="java.specification.name" value="Java Platform API Specification"/>
    <property name="java.vm.specification.vendor" value="Oracle Corporation"/>
    <property name="surefire.real.class.path" value="/home/tine/Documents/Uni_ohne_git(t)/5. semester/Software engeneering/home exam/vibe code (copy)/target/surefire/surefirebooter-20251003180027773_3.jar"/>
    <property name="sun.management.compiler" value="HotSpot 64-Bit Tiered Compilers"/>
    <property name="java.runtime.version" value="17.0.16+8-Ubuntu-0ubuntu122.04.1"/>
    <property name="user.name" value="tine"/>
    <property name="path.separator" value=":"/>
    <property name="os.version" value="5.15.0-153-generic"/>
    <property name="java.runtime.name" value="OpenJDK Runtime Environment"/>
    <property name="file.encoding" value="UTF-8"/>
    <property name="java.vm.name" value="OpenJDK 64-Bit Server VM"/>
    <property name="localRepository" value="/home/tine/.m2/repository"/>
    <property name="java.vendor.url.bug" value="https://bugs.launchpad.net/ubuntu/+source/openjdk-17"/>
    <property name="java.io.tmpdir" value="/tmp"/>
    <property name="java.version" value="17.0.16"/>
    <property name="user.dir" value="/home/tine/Documents/Uni_ohne_git(t)/5. semester/Software engeneering/home exam/vibe code (copy)"/>
    <property name="os.arch" value="amd64"/>
    <property name="java.vm.specification.name" value="Java Virtual Machine Specification"/>
    <property name="native.encoding" value="UTF-8"/>
    <property name="java.library.path" value="/usr/java/packages/lib:/usr/lib/x86_64-linux-gnu/jni:/lib/x86_64-linux-gnu:/usr/lib/x86_64-linux-gnu:/usr/lib/jni:/lib:/usr/lib"/>
    <property name="java.vm.info" value="mixed mode, sharing"/>
    <property name="java.vendor" value="Ubuntu"/>
    <property name="java.vm.version" value="17.0.16+8-Ubuntu-0ubuntu122.04.1"/>
    <property name="java.specification.maintenance.version" value="1"/>
    <property name="sun.io.unicode.encoding" value="UnicodeLittle"/>
    <property name="java.class.version" value="61.0"/>
  </properties>
  <testcase name="testInventionMaxTwoResources" classname="EventCardsTest" time="0.011">
    <system-out><![CDATA[[DEBUG] Invention> before=0 after=2
]]></system-out>
  </testcase>
  <testcase name="testFraternalFeudsOpponentGivesCards" classname="EventCardsTest" time="0.004">
    <system-out><![CDATA[[DEBUG] FraternalFeuds> initial hand size=3
[DEBUG] FraternalFeuds> after removal size=1
]]></system-out>
  </testcase>
  <testcase name="testTradeShipsRaceWinnerGetsResource" classname="EventCardsTest" time="0">
    <skipped message="Will find out why not work"/>
  </testcase>
  <testcase name="testYearOfPlentyFillsStorage" classname="EventCardsTest" time="0.005">
    <system-out><![CDATA[[DEBUG] YearOfPlenty> region production=1
]]></system-out>
  </testcase>
  <testcase name="testYuleReshufflesEvents" classname="EventCardsTest" time="0.01">
    <system-out><![CDATA[[DEBUG] Yule> initial events size=9
[DEBUG] Yule> before=[Year of Plenty, Year of Plenty, Invention, Fraternal Feuds, Trade Ships Race, Yule, Traveling Merchant, Traveling Merchant, Feud] after=[Fraternal Feuds, Traveling Merchant, Yule, Trade Ships Race, Traveling Merchant, Year of Plenty, Invention, Feud, Year of Plenty]
]]></system-out>
  </testcase>
  <testcase name="testFeudWithThreeOrFewerBuildings" classname="EventCardsTest" time="0.003">
    <system-out><![CDATA[[DEBUG] Feud(â‰¤3)> before=3 after=2
]]></system-out>
  </testcase>
  <testcase name="testTravelingMerchantPaysGoldForResources" classname="EventCardsTest" time="0.001">
    <system-out><![CDATA[[DEBUG] TravelingMerchant> gold=0 any=2
]]></system-out>
  </testcase>
  <testcase name="testFeudWithMoreThanThreeBuildings" classname="EventCardsTest" time="0.002">
    <system-out><![CDATA[[DEBUG] Feud> before=4 after=3
]]></system-out>
  </testcase>
</testsuite>